[INFO] Scanning for projects...
[INFO] 
[INFO] -------------------< com.matthey.pmm:TOMS-AllTests >--------------------
[INFO] Building TOMS-AllTests 1.0.0
[INFO] --------------------------------[ jar ]---------------------------------
[INFO] 
[INFO] --- maven-clean-plugin:2.5:clean (default-clean) @ TOMS-AllTests ---
[INFO] Deleting C:\Git\endur\TOMS\Backend\TOMS-AllTests\target
[INFO] 
[INFO] --- maven-enforcer-plugin:3.0.0-M3:enforce (enforce) @ TOMS-AllTests ---
[INFO] 
[INFO] --- maven-resources-plugin:2.6:resources (default-resources) @ TOMS-AllTests ---
[INFO] Using 'UTF-8' encoding to copy filtered resources.
[INFO] Copying 1 resource
[INFO] 
[INFO] --- maven-compiler-plugin:3.8.1:compile (default-compile) @ TOMS-AllTests ---
[INFO] Changes detected - recompiling the module!
[INFO] Compiling 1 source file to C:\Git\endur\TOMS\Backend\TOMS-AllTests\target\classes
[INFO] 
[INFO] --- maven-resources-plugin:2.6:testResources (default-testResources) @ TOMS-AllTests ---
[INFO] Using 'UTF-8' encoding to copy filtered resources.
[INFO] Copying 1 resource
[INFO] 
[INFO] --- maven-compiler-plugin:3.8.1:testCompile (default-testCompile) @ TOMS-AllTests ---
[INFO] Changes detected - recompiling the module!
[INFO] Compiling 4 source files to C:\Git\endur\TOMS\Backend\TOMS-AllTests\target\test-classes
[INFO] 
[INFO] --- maven-surefire-plugin:3.0.0-M3:test (default-test) @ TOMS-AllTests ---
[INFO] 
[INFO] -------------------------------------------------------
[INFO]  T E S T S
[INFO] -------------------------------------------------------
[INFO] 
[INFO] Results:
[INFO] 
[INFO] Tests run: 0, Failures: 0, Errors: 0, Skipped: 0
[INFO] 
[INFO] ------------------------------------------------------------------------
[INFO] BUILD FAILURE
[INFO] ------------------------------------------------------------------------
[INFO] Total time:  15.393 s
[INFO] Finished at: 2021-10-07T08:03:43+01:00
[INFO] ------------------------------------------------------------------------
[ERROR] Failed to execute goal org.apache.maven.plugins:maven-surefire-plugin:3.0.0-M3:test (default-test) on project TOMS-AllTests: There are test failures.
[ERROR] 
[ERROR] Please refer to C:\Git\endur\TOMS\Backend\TOMS-AllTests\target\surefire-reports for the individual test results.
[ERROR] Please refer to dump files (if any exist) [date].dump, [date]-jvmRun[N].dump and [date].dumpstream.
[ERROR] The forked VM terminated without properly saying goodbye. VM crash or System.exit called?
[ERROR] Command was cmd.exe /X /C "C:\jdk-15.0.2\bin\java -Xm1024m -Xmx2048m org.apache.maven.surefire.booter.ForkedBooter C:\Users\waetcj01\AppData\Local\Temp\surefire4218519907543632626 2021-10-07T08-03-42_233-jvmRun1 surefire5238837079002478741tmp surefire_011099720779619678659tmp"
[ERROR] Error occurred in starting fork, check output in log
[ERROR] Process Exit Code: 1
[ERROR] org.apache.maven.surefire.booter.SurefireBooterForkException: The forked VM terminated without properly saying goodbye. VM crash or System.exit called?
[ERROR] Command was cmd.exe /X /C "C:\jdk-15.0.2\bin\java -Xm1024m -Xmx2048m org.apache.maven.surefire.booter.ForkedBooter C:\Users\waetcj01\AppData\Local\Temp\surefire4218519907543632626 2021-10-07T08-03-42_233-jvmRun1 surefire5238837079002478741tmp surefire_011099720779619678659tmp"
[ERROR] Error occurred in starting fork, check output in log
[ERROR] Process Exit Code: 1
[ERROR] 	at org.apache.maven.plugin.surefire.booterclient.ForkStarter.fork(ForkStarter.java:670)
[ERROR] 	at org.apache.maven.plugin.surefire.booterclient.ForkStarter.run(ForkStarter.java:283)
[ERROR] 	at org.apache.maven.plugin.surefire.booterclient.ForkStarter.run(ForkStarter.java:246)
[ERROR] 	at org.apache.maven.plugin.surefire.AbstractSurefireMojo.executeProvider(AbstractSurefireMojo.java:1161)
[ERROR] 	at org.apache.maven.plugin.surefire.AbstractSurefireMojo.executeAfterPreconditionsChecked(AbstractSurefireMojo.java:1002)
[ERROR] 	at org.apache.maven.plugin.surefire.AbstractSurefireMojo.execute(AbstractSurefireMojo.java:848)
[ERROR] 	at org.apache.maven.plugin.DefaultBuildPluginManager.executeMojo(DefaultBuildPluginManager.java:137)
[ERROR] 	at org.apache.maven.lifecycle.internal.MojoExecutor.execute(MojoExecutor.java:210)
[ERROR] 	at org.apache.maven.lifecycle.internal.MojoExecutor.execute(MojoExecutor.java:156)
[ERROR] 	at org.apache.maven.lifecycle.internal.MojoExecutor.execute(MojoExecutor.java:148)
[ERROR] 	at org.apache.maven.lifecycle.internal.LifecycleModuleBuilder.buildProject(LifecycleModuleBuilder.java:117)
[ERROR] 	at org.apache.maven.lifecycle.internal.LifecycleModuleBuilder.buildProject(LifecycleModuleBuilder.java:81)
[ERROR] 	at org.apache.maven.lifecycle.internal.builder.singlethreaded.SingleThreadedBuilder.build(SingleThreadedBuilder.java:56)
[ERROR] 	at org.apache.maven.lifecycle.internal.LifecycleStarter.execute(LifecycleStarter.java:128)
[ERROR] 	at org.apache.maven.DefaultMaven.doExecute(DefaultMaven.java:305)
[ERROR] 	at org.apache.maven.DefaultMaven.doExecute(DefaultMaven.java:192)
[ERROR] 	at org.apache.maven.DefaultMaven.execute(DefaultMaven.java:105)
[ERROR] 	at org.apache.maven.cli.MavenCli.execute(MavenCli.java:957)
[ERROR] 	at org.apache.maven.cli.MavenCli.doMain(MavenCli.java:289)
[ERROR] 	at org.apache.maven.cli.MavenCli.main(MavenCli.java:193)
[ERROR] 	at java.base/jdk.internal.reflect.NativeMethodAccessorImpl.invoke0(Native Method)
[ERROR] 	at java.base/jdk.internal.reflect.NativeMethodAccessorImpl.invoke(NativeMethodAccessorImpl.java:64)
[ERROR] 	at java.base/jdk.internal.reflect.DelegatingMethodAccessorImpl.invoke(DelegatingMethodAccessorImpl.java:43)
[ERROR] 	at java.base/java.lang.reflect.Method.invoke(Method.java:564)
[ERROR] 	at org.codehaus.plexus.classworlds.launcher.Launcher.launchEnhanced(Launcher.java:282)
[ERROR] 	at org.codehaus.plexus.classworlds.launcher.Launcher.launch(Launcher.java:225)
[ERROR] 	at org.codehaus.plexus.classworlds.launcher.Launcher.mainWithExitCode(Launcher.java:406)
[ERROR] 	at org.codehaus.plexus.classworlds.launcher.Launcher.main(Launcher.java:347)
[ERROR] 
[ERROR] -> [Help 1]
[ERROR] 
[ERROR] To see the full stack trace of the errors, re-run Maven with the -e switch.
[ERROR] Re-run Maven using the -X switch to enable full debug logging.
[ERROR] 
[ERROR] For more information about the errors and possible solutions, please read the following articles:
[ERROR] [Help 1] http://cwiki.apache.org/confluence/display/MAVEN/MojoExecutionException
[INFO] Scanning for projects...
[INFO] 
[INFO] -------------------< com.matthey.pmm:TOMS-AllTests >--------------------
[INFO] Building TOMS-AllTests 1.0.0
[INFO] --------------------------------[ jar ]---------------------------------
[INFO] 
[INFO] --- maven-clean-plugin:2.5:clean (default-clean) @ TOMS-AllTests ---
[INFO] Deleting C:\Git\endur\TOMS\Backend\TOMS-AllTests\target
[INFO] 
[INFO] --- maven-enforcer-plugin:3.0.0-M3:enforce (enforce) @ TOMS-AllTests ---
[INFO] 
[INFO] --- maven-resources-plugin:2.6:resources (default-resources) @ TOMS-AllTests ---
[INFO] Using 'UTF-8' encoding to copy filtered resources.
[INFO] Copying 1 resource
[INFO] 
[INFO] --- maven-compiler-plugin:3.8.1:compile (default-compile) @ TOMS-AllTests ---
[INFO] Changes detected - recompiling the module!
[INFO] Compiling 1 source file to C:\Git\endur\TOMS\Backend\TOMS-AllTests\target\classes
[INFO] 
[INFO] --- maven-resources-plugin:2.6:testResources (default-testResources) @ TOMS-AllTests ---
[INFO] Using 'UTF-8' encoding to copy filtered resources.
[INFO] Copying 1 resource
[INFO] 
[INFO] --- maven-compiler-plugin:3.8.1:testCompile (default-testCompile) @ TOMS-AllTests ---
[INFO] Changes detected - recompiling the module!
[INFO] Compiling 4 source files to C:\Git\endur\TOMS\Backend\TOMS-AllTests\target\test-classes
[INFO] 
[INFO] --- maven-surefire-plugin:3.0.0-M3:test (default-test) @ TOMS-AllTests ---
[INFO] 
[INFO] -------------------------------------------------------
[INFO]  T E S T S
[INFO] -------------------------------------------------------
08:07:16.225 [main] DEBUG org.springframework.test.context.junit4.SpringJUnit4ClassRunner - SpringJUnit4ClassRunner constructor called with [class com.matthey.pmm.toms.model.ReferenceTypeRepoTest]
08:07:16.231 [main] DEBUG org.springframework.test.context.BootstrapUtils - Instantiating CacheAwareContextLoaderDelegate from class [org.springframework.test.context.cache.DefaultCacheAwareContextLoaderDelegate]
08:07:16.248 [main] DEBUG org.springframework.test.context.BootstrapUtils - Instantiating BootstrapContext using constructor [public org.springframework.test.context.support.DefaultBootstrapContext(java.lang.Class,org.springframework.test.context.CacheAwareContextLoaderDelegate)]
08:07:16.319 [main] DEBUG org.springframework.test.context.BootstrapUtils - Instantiating TestContextBootstrapper for test class [com.matthey.pmm.toms.model.ReferenceTypeRepoTest] from class [org.springframework.boot.test.context.SpringBootTestContextBootstrapper]
08:07:16.360 [main] INFO org.springframework.boot.test.context.SpringBootTestContextBootstrapper - Neither @ContextConfiguration nor @ContextHierarchy found for test class [com.matthey.pmm.toms.model.ReferenceTypeRepoTest], using SpringBootContextLoader
08:07:16.366 [main] DEBUG org.springframework.test.context.support.AbstractContextLoader - Did not detect default resource location for test class [com.matthey.pmm.toms.model.ReferenceTypeRepoTest]: class path resource [com/matthey/pmm/toms/model/ReferenceTypeRepoTest-context.xml] does not exist
08:07:16.367 [main] DEBUG org.springframework.test.context.support.AbstractContextLoader - Did not detect default resource location for test class [com.matthey.pmm.toms.model.ReferenceTypeRepoTest]: class path resource [com/matthey/pmm/toms/model/ReferenceTypeRepoTestContext.groovy] does not exist
08:07:16.367 [main] INFO org.springframework.test.context.support.AbstractContextLoader - Could not detect default resource locations for test class [com.matthey.pmm.toms.model.ReferenceTypeRepoTest]: no resource found for suffixes {-context.xml, Context.groovy}.
08:07:16.448 [main] DEBUG org.springframework.test.context.support.ActiveProfilesUtils - Could not find an 'annotation declaring class' for annotation type [org.springframework.test.context.ActiveProfiles] and class [com.matthey.pmm.toms.model.ReferenceTypeRepoTest]
08:07:16.694 [main] DEBUG org.springframework.boot.test.context.SpringBootTestContextBootstrapper - @TestExecutionListeners is not present for class [com.matthey.pmm.toms.model.ReferenceTypeRepoTest]: using defaults.
08:07:16.695 [main] INFO org.springframework.boot.test.context.SpringBootTestContextBootstrapper - Loaded default TestExecutionListener class names from location [META-INF/spring.factories]: [org.springframework.boot.test.mock.mockito.MockitoTestExecutionListener, org.springframework.boot.test.mock.mockito.ResetMocksTestExecutionListener, org.springframework.boot.test.autoconfigure.restdocs.RestDocsTestExecutionListener, org.springframework.boot.test.autoconfigure.web.client.MockRestServiceServerResetTestExecutionListener, org.springframework.boot.test.autoconfigure.web.servlet.MockMvcPrintOnlyOnFailureTestExecutionListener, org.springframework.boot.test.autoconfigure.web.servlet.WebDriverTestExecutionListener, org.springframework.test.context.web.ServletTestExecutionListener, org.springframework.test.context.support.DirtiesContextBeforeModesTestExecutionListener, org.springframework.test.context.support.DependencyInjectionTestExecutionListener, org.springframework.test.context.support.DirtiesContextTestExecutionListener, org.springframework.test.context.transaction.TransactionalTestExecutionListener, org.springframework.test.context.jdbc.SqlScriptsTestExecutionListener, org.springframework.test.context.event.EventPublishingTestExecutionListener]
08:07:16.735 [main] INFO org.springframework.boot.test.context.SpringBootTestContextBootstrapper - Using TestExecutionListeners: [org.springframework.test.context.web.ServletTestExecutionListener@45451333, org.springframework.test.context.support.DirtiesContextBeforeModesTestExecutionListener@6942ee48, org.springframework.boot.test.mock.mockito.MockitoTestExecutionListener@3f033664, org.springframework.boot.test.autoconfigure.SpringBootDependencyInjectionTestExecutionListener@6abd8bcd, org.springframework.test.context.support.DirtiesContextTestExecutionListener@70cd122, org.springframework.test.context.transaction.TransactionalTestExecutionListener@79424f25, org.springframework.test.context.jdbc.SqlScriptsTestExecutionListener@5fd4e67f, org.springframework.test.context.event.EventPublishingTestExecutionListener@59b1edab, org.springframework.boot.test.mock.mockito.ResetMocksTestExecutionListener@3855b27e, org.springframework.boot.test.autoconfigure.restdocs.RestDocsTestExecutionListener@5305f936, org.springframework.boot.test.autoconfigure.web.client.MockRestServiceServerResetTestExecutionListener@2b1a1a37, org.springframework.boot.test.autoconfigure.web.servlet.MockMvcPrintOnlyOnFailureTestExecutionListener@7d90764a, org.springframework.boot.test.autoconfigure.web.servlet.WebDriverTestExecutionListener@6843fdc4]
08:07:16.748 [main] DEBUG org.springframework.test.annotation.ProfileValueUtils - Retrieved @ProfileValueSourceConfiguration [null] for test class [com.matthey.pmm.toms.model.ReferenceTypeRepoTest]
08:07:16.750 [main] DEBUG org.springframework.test.annotation.ProfileValueUtils - Retrieved ProfileValueSource type [class org.springframework.test.annotation.SystemProfileValueSource] for class [com.matthey.pmm.toms.model.ReferenceTypeRepoTest]
08:07:16.805 [main] DEBUG org.springframework.test.context.junit4.SpringJUnit4ClassRunner - SpringJUnit4ClassRunner constructor called with [class com.matthey.pmm.toms.testall.ApplicationTest]
08:07:16.805 [main] DEBUG org.springframework.test.context.BootstrapUtils - Instantiating CacheAwareContextLoaderDelegate from class [org.springframework.test.context.cache.DefaultCacheAwareContextLoaderDelegate]
08:07:16.805 [main] DEBUG org.springframework.test.context.BootstrapUtils - Instantiating BootstrapContext using constructor [public org.springframework.test.context.support.DefaultBootstrapContext(java.lang.Class,org.springframework.test.context.CacheAwareContextLoaderDelegate)]
08:07:16.808 [main] DEBUG org.springframework.test.context.BootstrapUtils - Instantiating TestContextBootstrapper for test class [com.matthey.pmm.toms.testall.ApplicationTest] from class [org.springframework.boot.test.context.SpringBootTestContextBootstrapper]
08:07:16.810 [main] INFO org.springframework.boot.test.context.SpringBootTestContextBootstrapper - Neither @ContextConfiguration nor @ContextHierarchy found for test class [com.matthey.pmm.toms.testall.ApplicationTest], using SpringBootContextLoader
08:07:16.812 [main] DEBUG org.springframework.test.context.support.AbstractContextLoader - Did not detect default resource location for test class [com.matthey.pmm.toms.testall.ApplicationTest]: class path resource [com/matthey/pmm/toms/testall/ApplicationTest-context.xml] does not exist
08:07:16.813 [main] DEBUG org.springframework.test.context.support.AbstractContextLoader - Did not detect default resource location for test class [com.matthey.pmm.toms.testall.ApplicationTest]: class path resource [com/matthey/pmm/toms/testall/ApplicationTestContext.groovy] does not exist
08:07:16.813 [main] INFO org.springframework.test.context.support.AbstractContextLoader - Could not detect default resource locations for test class [com.matthey.pmm.toms.testall.ApplicationTest]: no resource found for suffixes {-context.xml, Context.groovy}.
08:07:16.837 [main] DEBUG org.springframework.test.context.support.ActiveProfilesUtils - Could not find an 'annotation declaring class' for annotation type [org.springframework.test.context.ActiveProfiles] and class [com.matthey.pmm.toms.testall.ApplicationTest]
08:07:16.846 [main] DEBUG org.springframework.boot.test.context.SpringBootTestContextBootstrapper - @TestExecutionListeners is not present for class [com.matthey.pmm.toms.testall.ApplicationTest]: using defaults.
08:07:16.846 [main] INFO org.springframework.boot.test.context.SpringBootTestContextBootstrapper - Loaded default TestExecutionListener class names from location [META-INF/spring.factories]: [org.springframework.boot.test.mock.mockito.MockitoTestExecutionListener, org.springframework.boot.test.mock.mockito.ResetMocksTestExecutionListener, org.springframework.boot.test.autoconfigure.restdocs.RestDocsTestExecutionListener, org.springframework.boot.test.autoconfigure.web.client.MockRestServiceServerResetTestExecutionListener, org.springframework.boot.test.autoconfigure.web.servlet.MockMvcPrintOnlyOnFailureTestExecutionListener, org.springframework.boot.test.autoconfigure.web.servlet.WebDriverTestExecutionListener, org.springframework.test.context.web.ServletTestExecutionListener, org.springframework.test.context.support.DirtiesContextBeforeModesTestExecutionListener, org.springframework.test.context.support.DependencyInjectionTestExecutionListener, org.springframework.test.context.support.DirtiesContextTestExecutionListener, org.springframework.test.context.transaction.TransactionalTestExecutionListener, org.springframework.test.context.jdbc.SqlScriptsTestExecutionListener, org.springframework.test.context.event.EventPublishingTestExecutionListener]
08:07:16.847 [main] INFO org.springframework.boot.test.context.SpringBootTestContextBootstrapper - Using TestExecutionListeners: [org.springframework.test.context.web.ServletTestExecutionListener@72646d16, org.springframework.test.context.support.DirtiesContextBeforeModesTestExecutionListener@6ec2d990, org.springframework.boot.test.mock.mockito.MockitoTestExecutionListener@1cfa7ee0, org.springframework.boot.test.autoconfigure.SpringBootDependencyInjectionTestExecutionListener@612290d, org.springframework.test.context.support.DirtiesContextTestExecutionListener@57cff804, org.springframework.test.context.transaction.TransactionalTestExecutionListener@2f39b534, org.springframework.test.context.jdbc.SqlScriptsTestExecutionListener@60fbc34d, org.springframework.test.context.event.EventPublishingTestExecutionListener@7736c41e, org.springframework.boot.test.mock.mockito.ResetMocksTestExecutionListener@5f911d24, org.springframework.boot.test.autoconfigure.restdocs.RestDocsTestExecutionListener@3de383f7, org.springframework.boot.test.autoconfigure.web.client.MockRestServiceServerResetTestExecutionListener@33ccead, org.springframework.boot.test.autoconfigure.web.servlet.MockMvcPrintOnlyOnFailureTestExecutionListener@42ebece0, org.springframework.boot.test.autoconfigure.web.servlet.WebDriverTestExecutionListener@15c4b1a4]
08:07:16.848 [main] DEBUG org.springframework.test.annotation.ProfileValueUtils - Retrieved @ProfileValueSourceConfiguration [null] for test class [com.matthey.pmm.toms.testall.ApplicationTest]
08:07:16.848 [main] DEBUG org.springframework.test.annotation.ProfileValueUtils - Retrieved ProfileValueSource type [class org.springframework.test.annotation.SystemProfileValueSource] for class [com.matthey.pmm.toms.testall.ApplicationTest]
[INFO] 
[INFO] Results:
[INFO] 
[INFO] Tests run: 0, Failures: 0, Errors: 0, Skipped: 0
[INFO] 
[INFO] ------------------------------------------------------------------------
[INFO] BUILD FAILURE
[INFO] ------------------------------------------------------------------------
[INFO] Total time:  18.937 s
[INFO] Finished at: 2021-10-07T08:07:17+01:00
[INFO] ------------------------------------------------------------------------
[ERROR] Failed to execute goal org.apache.maven.plugins:maven-surefire-plugin:3.0.0-M3:test (default-test) on project TOMS-AllTests: There are test failures.
[ERROR] 
[ERROR] Please refer to C:\Git\endur\TOMS\Backend\TOMS-AllTests\target\surefire-reports for the individual test results.
[ERROR] Please refer to dump files (if any exist) [date].dump, [date]-jvmRun[N].dump and [date].dumpstream.
[ERROR] ExecutionException The forked VM terminated without properly saying goodbye. VM crash or System.exit called?
[ERROR] Command was cmd.exe /X /C "C:\jdk-15.0.2\bin\java -Xm1024m -Xmx2048m org.apache.maven.surefire.booter.ForkedBooter C:\Users\waetcj01\AppData\Local\Temp\surefire7863368106071138306 2021-10-07T08-07-15_227-jvmRun1 surefire3358805226399488863tmp surefire_04859370113722267324tmp"
[ERROR] Error occurred in starting fork, check output in log
[ERROR] Process Exit Code: 1
[ERROR] ExecutionException The forked VM terminated without properly saying goodbye. VM crash or System.exit called?
[ERROR] Command was cmd.exe /X /C "C:\jdk-15.0.2\bin\java -Xm1024m -Xmx2048m org.apache.maven.surefire.booter.ForkedBooter C:\Users\waetcj01\AppData\Local\Temp\surefire7863368106071138306 2021-10-07T08-07-15_227-jvmRun1 surefire16534041389356293167tmp surefire_16241193824686995641tmp"
[ERROR] Error occurred in starting fork, check output in log
[ERROR] Process Exit Code: 1
[ERROR] org.apache.maven.surefire.booter.SurefireBooterForkException: ExecutionException The forked VM terminated without properly saying goodbye. VM crash or System.exit called?
[ERROR] Command was cmd.exe /X /C "C:\jdk-15.0.2\bin\java -Xm1024m -Xmx2048m org.apache.maven.surefire.booter.ForkedBooter C:\Users\waetcj01\AppData\Local\Temp\surefire7863368106071138306 2021-10-07T08-07-15_227-jvmRun1 surefire3358805226399488863tmp surefire_04859370113722267324tmp"
[ERROR] Error occurred in starting fork, check output in log
[ERROR] Process Exit Code: 1
[ERROR] ExecutionException The forked VM terminated without properly saying goodbye. VM crash or System.exit called?
[ERROR] Command was cmd.exe /X /C "C:\jdk-15.0.2\bin\java -Xm1024m -Xmx2048m org.apache.maven.surefire.booter.ForkedBooter C:\Users\waetcj01\AppData\Local\Temp\surefire7863368106071138306 2021-10-07T08-07-15_227-jvmRun1 surefire16534041389356293167tmp surefire_16241193824686995641tmp"
[ERROR] Error occurred in starting fork, check output in log
[ERROR] Process Exit Code: 1
[ERROR] 	at org.apache.maven.plugin.surefire.booterclient.ForkStarter.awaitResultsDone(ForkStarter.java:511)
[ERROR] 	at org.apache.maven.plugin.surefire.booterclient.ForkStarter.runSuitesForkPerTestSet(ForkStarter.java:458)
[ERROR] 	at org.apache.maven.plugin.surefire.booterclient.ForkStarter.run(ForkStarter.java:299)
[ERROR] 	at org.apache.maven.plugin.surefire.booterclient.ForkStarter.run(ForkStarter.java:247)
[ERROR] 	at org.apache.maven.plugin.surefire.AbstractSurefireMojo.executeProvider(AbstractSurefireMojo.java:1161)
[ERROR] 	at org.apache.maven.plugin.surefire.AbstractSurefireMojo.executeAfterPreconditionsChecked(AbstractSurefireMojo.java:1002)
[ERROR] 	at org.apache.maven.plugin.surefire.AbstractSurefireMojo.execute(AbstractSurefireMojo.java:848)
[ERROR] 	at org.apache.maven.plugin.DefaultBuildPluginManager.executeMojo(DefaultBuildPluginManager.java:137)
[ERROR] 	at org.apache.maven.lifecycle.internal.MojoExecutor.execute(MojoExecutor.java:210)
[ERROR] 	at org.apache.maven.lifecycle.internal.MojoExecutor.execute(MojoExecutor.java:156)
[ERROR] 	at org.apache.maven.lifecycle.internal.MojoExecutor.execute(MojoExecutor.java:148)
[ERROR] 	at org.apache.maven.lifecycle.internal.LifecycleModuleBuilder.buildProject(LifecycleModuleBuilder.java:117)
[ERROR] 	at org.apache.maven.lifecycle.internal.LifecycleModuleBuilder.buildProject(LifecycleModuleBuilder.java:81)
[ERROR] 	at org.apache.maven.lifecycle.internal.builder.singlethreaded.SingleThreadedBuilder.build(SingleThreadedBuilder.java:56)
[ERROR] 	at org.apache.maven.lifecycle.internal.LifecycleStarter.execute(LifecycleStarter.java:128)
[ERROR] 	at org.apache.maven.DefaultMaven.doExecute(DefaultMaven.java:305)
[ERROR] 	at org.apache.maven.DefaultMaven.doExecute(DefaultMaven.java:192)
[ERROR] 	at org.apache.maven.DefaultMaven.execute(DefaultMaven.java:105)
[ERROR] 	at org.apache.maven.cli.MavenCli.execute(MavenCli.java:957)
[ERROR] 	at org.apache.maven.cli.MavenCli.doMain(MavenCli.java:289)
[ERROR] 	at org.apache.maven.cli.MavenCli.main(MavenCli.java:193)
[ERROR] 	at java.base/jdk.internal.reflect.NativeMethodAccessorImpl.invoke0(Native Method)
[ERROR] 	at java.base/jdk.internal.reflect.NativeMethodAccessorImpl.invoke(NativeMethodAccessorImpl.java:64)
[ERROR] 	at java.base/jdk.internal.reflect.DelegatingMethodAccessorImpl.invoke(DelegatingMethodAccessorImpl.java:43)
[ERROR] 	at java.base/java.lang.reflect.Method.invoke(Method.java:564)
[ERROR] 	at org.codehaus.plexus.classworlds.launcher.Launcher.launchEnhanced(Launcher.java:282)
[ERROR] 	at org.codehaus.plexus.classworlds.launcher.Launcher.launch(Launcher.java:225)
[ERROR] 	at org.codehaus.plexus.classworlds.launcher.Launcher.mainWithExitCode(Launcher.java:406)
[ERROR] 	at org.codehaus.plexus.classworlds.launcher.Launcher.main(Launcher.java:347)
[ERROR] Caused by: org.apache.maven.surefire.booter.SurefireBooterForkException: The forked VM terminated without properly saying goodbye. VM crash or System.exit called?
[ERROR] Command was cmd.exe /X /C "C:\jdk-15.0.2\bin\java -Xm1024m -Xmx2048m org.apache.maven.surefire.booter.ForkedBooter C:\Users\waetcj01\AppData\Local\Temp\surefire7863368106071138306 2021-10-07T08-07-15_227-jvmRun1 surefire16534041389356293167tmp surefire_16241193824686995641tmp"
[ERROR] Error occurred in starting fork, check output in log
[ERROR] Process Exit Code: 1
[ERROR] 	at org.apache.maven.plugin.surefire.booterclient.ForkStarter.fork(ForkStarter.java:670)
[ERROR] 	at org.apache.maven.plugin.surefire.booterclient.ForkStarter.access$600(ForkStarter.java:116)
[ERROR] 	at org.apache.maven.plugin.surefire.booterclient.ForkStarter$2.call(ForkStarter.java:445)
[ERROR] 	at org.apache.maven.plugin.surefire.booterclient.ForkStarter$2.call(ForkStarter.java:421)
[ERROR] 	at java.base/java.util.concurrent.FutureTask.run(FutureTask.java:264)
[ERROR] 	at java.base/java.util.concurrent.ThreadPoolExecutor.runWorker(ThreadPoolExecutor.java:1130)
[ERROR] 	at java.base/java.util.concurrent.ThreadPoolExecutor$Worker.run(ThreadPoolExecutor.java:630)
[ERROR] 	at java.base/java.lang.Thread.run(Thread.java:832)
[ERROR] 
[ERROR] -> [Help 1]
[ERROR] 
[ERROR] To see the full stack trace of the errors, re-run Maven with the -e switch.
[ERROR] Re-run Maven using the -X switch to enable full debug logging.
[ERROR] 
[ERROR] For more information about the errors and possible solutions, please read the following articles:
[ERROR] [Help 1] http://cwiki.apache.org/confluence/display/MAVEN/MojoExecutionException
